2023/05/11 03:20:24 - mmengine - INFO - 
------------------------------------------------------------
System environment:
    sys.platform: win32
    Python: 3.10.9 (tags/v3.10.9:1dd9be6, Dec  6 2022, 20:01:21) [MSC v.1934 64 bit (AMD64)]
    CUDA available: True
    numpy_random_seed: 112184827
    GPU 0: NVIDIA GeForce RTX 3050 Laptop GPU
    CUDA_HOME: C:\Program Files\NVIDIA GPU Computing Toolkit\CUDA\v11.2
    NVCC: Cuda compilation tools, release 11.2, V11.2.67
    MSVC: Microsoft (R) C/C++ Optimizing Compiler Version 19.34.31937 for x64
    GCC: n/a
    PyTorch: 2.0.1+cu117
    PyTorch compiling details: PyTorch built with:
  - C++ Version: 199711
  - MSVC 193431937
  - Intel(R) Math Kernel Library Version 2020.0.2 Product Build 20200624 for Intel(R) 64 architecture applications
  - Intel(R) MKL-DNN v2.7.3 (Git Hash 6dbeffbae1f23cbbeae17adb7b5b13f1f37c080e)
  - OpenMP 2019
  - LAPACK is enabled (usually provided by MKL)
  - CPU capability usage: AVX2
  - CUDA Runtime 11.7
  - NVCC architecture flags: -gencode;arch=compute_37,code=sm_37;-gencode;arch=compute_50,code=sm_50;-gencode;arch=compute_60,code=sm_60;-gencode;arch=compute_61,code=sm_61;-gencode;arch=compute_70,code=sm_70;-gencode;arch=compute_75,code=sm_75;-gencode;arch=compute_80,code=sm_80;-gencode;arch=compute_86,code=sm_86;-gencode;arch=compute_37,code=compute_37
  - CuDNN 8.5
  - Magma 2.5.4
  - Build settings: BLAS_INFO=mkl, BUILD_TYPE=Release, CUDA_VERSION=11.7, CUDNN_VERSION=8.5.0, CXX_COMPILER=C:/actions-runner/_work/pytorch/pytorch/builder/windows/tmp_bin/sccache-cl.exe, CXX_FLAGS=/DWIN32 /D_WINDOWS /GR /EHsc /w /bigobj /FS -DUSE_PTHREADPOOL -DNDEBUG -DUSE_KINETO -DLIBKINETO_NOCUPTI -DLIBKINETO_NOROCTRACER -DUSE_FBGEMM -DUSE_XNNPACK -DSYMBOLICATE_MOBILE_DEBUG_HANDLE, LAPACK_INFO=mkl, PERF_WITH_AVX=1, PERF_WITH_AVX2=1, PERF_WITH_AVX512=1, TORCH_DISABLE_GPU_ASSERTS=OFF, TORCH_VERSION=2.0.1, USE_CUDA=ON, USE_CUDNN=ON, USE_EXCEPTION_PTR=1, USE_GFLAGS=OFF, USE_GLOG=OFF, USE_MKL=ON, USE_MKLDNN=ON, USE_MPI=OFF, USE_NCCL=OFF, USE_NNPACK=OFF, USE_OPENMP=ON, USE_ROCM=OFF, 

    TorchVision: 0.15.2+cu117
    OpenCV: 4.7.0
    MMEngine: 0.7.3

Runtime environment:
    cudnn_benchmark: False
    mp_cfg: {'mp_start_method': 'fork', 'opencv_num_threads': 0}
    dist_cfg: {'backend': 'nccl'}
    seed: None
    deterministic: False
    Distributed launcher: none
    Distributed training: False
    GPU number: 1
------------------------------------------------------------

2023/05/11 03:20:25 - mmengine - INFO - Config:
model = dict(
    type='ImageClassifier',
    backbone=dict(
        type='SwinTransformerV2',
        arch='tiny',
        img_size=192,
        drop_path_rate=0.2,
        window_size=[12, 12, 12, 6]),
    neck=dict(type='GlobalAveragePooling'),
    head=dict(
        type='LinearClsHead',
        num_classes=7,
        in_channels=768,
        init_cfg=None,
        loss=dict(
            type='LabelSmoothLoss', label_smooth_val=0.1, mode='original'),
        cal_acc=False),
    init_cfg=[
        dict(type='TruncNormal', layer='Linear', std=0.02, bias=0.0),
        dict(type='Constant', layer='LayerNorm', val=1.0, bias=0.0)
    ],
    train_cfg=dict(augments=[
        dict(type='Mixup', alpha=0.8),
        dict(type='CutMix', alpha=1.0)
    ]))
dataset_type = 'ImageNet'
data_preprocessor = dict(
    num_classes=7,
    mean=[123.675, 116.28, 103.53],
    std=[58.395, 57.12, 57.375],
    to_rgb=True)
bgr_mean = [103.53, 116.28, 123.675]
bgr_std = [57.375, 57.12, 58.395]
train_pipeline = [
    dict(type='LoadImageFromFile'),
    dict(
        type='RandomResizedCrop',
        scale=192,
        backend='pillow',
        interpolation='bicubic'),
    dict(type='RandomFlip', prob=0.5, direction='horizontal'),
    dict(
        type='RandAugment',
        policies='timm_increasing',
        num_policies=2,
        total_level=10,
        magnitude_level=9,
        magnitude_std=0.5,
        hparams=dict(pad_val=[104, 116, 124], interpolation='bicubic')),
    dict(
        type='RandomErasing',
        erase_prob=0.25,
        mode='rand',
        min_area_ratio=0.02,
        max_area_ratio=0.3333333333333333,
        fill_color=[103.53, 116.28, 123.675],
        fill_std=[57.375, 57.12, 58.395]),
    dict(type='PackInputs')
]
test_pipeline = [
    dict(type='LoadImageFromFile'),
    dict(
        type='ResizeEdge',
        scale=219,
        edge='short',
        backend='pillow',
        interpolation='bicubic'),
    dict(type='CenterCrop', crop_size=192),
    dict(type='PackInputs')
]
train_dataloader = dict(
    pin_memory=True,
    persistent_workers=True,
    collate_fn=dict(type='default_collate'),
    batch_size=8,
    num_workers=4,
    dataset=dict(
        type='CustomDataset',
        data_root='C:/Users/philo/OneDrive/Desktop/model/IMAGE BACKBONE',
        ann_file=
        'C:/Users/philo/OneDrive/Desktop/model/IMAGE BACKBONE/train_ann.txt',
        data_prefix='ISIC2018_Task3_Training_Input',
        pipeline=[
            dict(type='LoadImageFromFile'),
            dict(
                type='RandomResizedCrop',
                scale=256,
                backend='pillow',
                interpolation='bicubic'),
            dict(type='RandomFlip', prob=0.5, direction='horizontal'),
            dict(
                type='RandAugment',
                policies='timm_increasing',
                num_policies=2,
                total_level=10,
                magnitude_level=9,
                magnitude_std=0.5,
                hparams=dict(pad_val=[104, 116, 124],
                             interpolation='bicubic')),
            dict(
                type='RandomErasing',
                erase_prob=0.25,
                mode='rand',
                min_area_ratio=0.02,
                max_area_ratio=0.3333333333333333,
                fill_color=[103.53, 116.28, 123.675],
                fill_std=[57.375, 57.12, 58.395]),
            dict(type='PackInputs')
        ]),
    sampler=dict(type='DefaultSampler', shuffle=True))
val_dataloader = dict(
    pin_memory=True,
    persistent_workers=True,
    collate_fn=dict(type='default_collate'),
    batch_size=8,
    num_workers=4,
    dataset=dict(
        type='CustomDataset',
        data_root='C:/Users/philo/OneDrive/Desktop/model/IMAGE BACKBONE',
        ann_file=
        'C:/Users/philo/OneDrive/Desktop/model/IMAGE BACKBONE/valid_ann.txt',
        data_prefix='ISIC2018_Task3_Validation_Input',
        pipeline=[
            dict(type='LoadImageFromFile'),
            dict(
                type='ResizeEdge',
                scale=292,
                edge='short',
                backend='pillow',
                interpolation='bicubic'),
            dict(type='CenterCrop', crop_size=256),
            dict(type='PackInputs')
        ]),
    sampler=dict(type='DefaultSampler', shuffle=False))
val_evaluator = dict(type='Accuracy', topk=(1, 5))
test_dataloader = dict(
    pin_memory=True,
    persistent_workers=True,
    collate_fn=dict(type='default_collate'),
    batch_size=64,
    num_workers=5,
    dataset=dict(
        type='ImageNet',
        data_root='data/imagenet',
        ann_file='meta/val.txt',
        data_prefix='val',
        pipeline=[
            dict(type='LoadImageFromFile'),
            dict(
                type='ResizeEdge',
                scale=292,
                edge='short',
                backend='pillow',
                interpolation='bicubic'),
            dict(type='CenterCrop', crop_size=256),
            dict(type='PackInputs')
        ]),
    sampler=dict(type='DefaultSampler', shuffle=False))
test_evaluator = dict(type='Accuracy', topk=(1, 5))
optim_wrapper = dict(
    optimizer=dict(
        type='AdamW',
        lr=0.001,
        weight_decay=0.05,
        eps=1e-08,
        betas=(0.9, 0.999)),
    paramwise_cfg=dict(
        norm_decay_mult=0.0,
        bias_decay_mult=0.0,
        flat_decay_mult=0.0,
        custom_keys=dict({
            '.absolute_pos_embed': dict(decay_mult=0.0),
            '.relative_position_bias_table': dict(decay_mult=0.0)
        })))
param_scheduler = [
    dict(
        type='LinearLR',
        start_factor=0.001,
        by_epoch=True,
        end=5,
        convert_to_iter_based=True),
    dict(type='CosineAnnealingLR', eta_min=1e-05, by_epoch=True, begin=3)
]
train_cfg = dict(by_epoch=True, max_epochs=5, val_interval=1)
val_cfg = dict()
test_cfg = dict()
auto_scale_lr = dict(base_batch_size=4)
default_scope = 'mmpretrain'
default_hooks = dict(
    timer=dict(type='IterTimerHook'),
    logger=dict(type='LoggerHook', interval=100),
    param_scheduler=dict(type='ParamSchedulerHook'),
    checkpoint=dict(type='CheckpointHook', interval=1),
    sampler_seed=dict(type='DistSamplerSeedHook'),
    visualization=dict(type='VisualizationHook', enable=False))
env_cfg = dict(
    cudnn_benchmark=False,
    mp_cfg=dict(mp_start_method='fork', opencv_num_threads=0),
    dist_cfg=dict(backend='nccl'))
vis_backends = [dict(type='LocalVisBackend')]
visualizer = dict(
    type='UniversalVisualizer', vis_backends=[dict(type='LocalVisBackend')])
log_level = 'INFO'
load_from = 'https://download.openmmlab.com/mmclassification/v0/swin-v2/swinv2-tiny-w16_3rdparty_in1k-256px_20220803-9651cdd7.pth'
resume = False
randomness = dict(seed=None, deterministic=False)
work_dir = './work_dirs/isiv2018'
launcher = 'none'

2023/05/11 03:20:25 - mmengine - INFO - Because batch augmentations are enabled, the data preprocessor automatically enables the `to_onehot` option to generate one-hot format labels.
2023/05/11 03:20:26 - mmengine - INFO - Distributed training is not used, all SyncBatchNorm (SyncBN) layers in the model will be automatically reverted to BatchNormXd layers if they are used.
2023/05/11 03:20:26 - mmengine - INFO - Hooks will be executed in the following order:
before_run:
(VERY_HIGH   ) RuntimeInfoHook                    
(BELOW_NORMAL) LoggerHook                         
 -------------------- 
before_train:
(VERY_HIGH   ) RuntimeInfoHook                    
(NORMAL      ) IterTimerHook                      
(VERY_LOW    ) CheckpointHook                     
 -------------------- 
before_train_epoch:
(VERY_HIGH   ) RuntimeInfoHook                    
(NORMAL      ) IterTimerHook                      
(NORMAL      ) DistSamplerSeedHook                
 -------------------- 
before_train_iter:
(VERY_HIGH   ) RuntimeInfoHook                    
(NORMAL      ) IterTimerHook                      
 -------------------- 
after_train_iter:
(VERY_HIGH   ) RuntimeInfoHook                    
(NORMAL      ) IterTimerHook                      
(BELOW_NORMAL) LoggerHook                         
(LOW         ) ParamSchedulerHook                 
(VERY_LOW    ) CheckpointHook                     
 -------------------- 
after_train_epoch:
(NORMAL      ) IterTimerHook                      
(LOW         ) ParamSchedulerHook                 
(VERY_LOW    ) CheckpointHook                     
 -------------------- 
before_val_epoch:
(NORMAL      ) IterTimerHook                      
 -------------------- 
before_val_iter:
(NORMAL      ) IterTimerHook                      
 -------------------- 
after_val_iter:
(NORMAL      ) IterTimerHook                      
(NORMAL      ) VisualizationHook                  
(BELOW_NORMAL) LoggerHook                         
 -------------------- 
after_val_epoch:
(VERY_HIGH   ) RuntimeInfoHook                    
(NORMAL      ) IterTimerHook                      
(BELOW_NORMAL) LoggerHook                         
(LOW         ) ParamSchedulerHook                 
(VERY_LOW    ) CheckpointHook                     
 -------------------- 
after_train:
(VERY_LOW    ) CheckpointHook                     
 -------------------- 
before_test_epoch:
(NORMAL      ) IterTimerHook                      
 -------------------- 
before_test_iter:
(NORMAL      ) IterTimerHook                      
 -------------------- 
after_test_iter:
(NORMAL      ) IterTimerHook                      
(NORMAL      ) VisualizationHook                  
(BELOW_NORMAL) LoggerHook                         
 -------------------- 
after_test_epoch:
(VERY_HIGH   ) RuntimeInfoHook                    
(NORMAL      ) IterTimerHook                      
(BELOW_NORMAL) LoggerHook                         
 -------------------- 
after_run:
(BELOW_NORMAL) LoggerHook                         
 -------------------- 
2023/05/11 03:20:26 - mmengine - INFO - paramwise_options -- backbone.patch_embed.projection.bias:weight_decay=0.0
2023/05/11 03:20:26 - mmengine - INFO - paramwise_options -- backbone.patch_embed.norm.weight:weight_decay=0.0
2023/05/11 03:20:26 - mmengine - INFO - paramwise_options -- backbone.patch_embed.norm.bias:weight_decay=0.0
2023/05/11 03:20:26 - mmengine - INFO - paramwise_options -- backbone.stages.0.blocks.0.attn.w_msa.q_bias:weight_decay=0.0
2023/05/11 03:20:26 - mmengine - INFO - paramwise_options -- backbone.stages.0.blocks.0.attn.w_msa.v_bias:weight_decay=0.0
2023/05/11 03:20:26 - mmengine - INFO - paramwise_options -- backbone.stages.0.blocks.0.attn.w_msa.cpb_mlp.0.bias:weight_decay=0.0
2023/05/11 03:20:26 - mmengine - INFO - paramwise_options -- backbone.stages.0.blocks.0.attn.w_msa.proj.bias:weight_decay=0.0
2023/05/11 03:20:26 - mmengine - INFO - paramwise_options -- backbone.stages.0.blocks.0.norm1.weight:weight_decay=0.0
2023/05/11 03:20:26 - mmengine - INFO - paramwise_options -- backbone.stages.0.blocks.0.norm1.bias:weight_decay=0.0
2023/05/11 03:20:26 - mmengine - INFO - paramwise_options -- backbone.stages.0.blocks.0.ffn.layers.0.0.bias:weight_decay=0.0
2023/05/11 03:20:26 - mmengine - INFO - paramwise_options -- backbone.stages.0.blocks.0.ffn.layers.1.bias:weight_decay=0.0
2023/05/11 03:20:26 - mmengine - INFO - paramwise_options -- backbone.stages.0.blocks.0.norm2.weight:weight_decay=0.0
2023/05/11 03:20:26 - mmengine - INFO - paramwise_options -- backbone.stages.0.blocks.0.norm2.bias:weight_decay=0.0
2023/05/11 03:20:26 - mmengine - INFO - paramwise_options -- backbone.stages.0.blocks.1.attn.w_msa.q_bias:weight_decay=0.0
2023/05/11 03:20:26 - mmengine - INFO - paramwise_options -- backbone.stages.0.blocks.1.attn.w_msa.v_bias:weight_decay=0.0
2023/05/11 03:20:26 - mmengine - INFO - paramwise_options -- backbone.stages.0.blocks.1.attn.w_msa.cpb_mlp.0.bias:weight_decay=0.0
2023/05/11 03:20:26 - mmengine - INFO - paramwise_options -- backbone.stages.0.blocks.1.attn.w_msa.proj.bias:weight_decay=0.0
2023/05/11 03:20:26 - mmengine - INFO - paramwise_options -- backbone.stages.0.blocks.1.norm1.weight:weight_decay=0.0
2023/05/11 03:20:26 - mmengine - INFO - paramwise_options -- backbone.stages.0.blocks.1.norm1.bias:weight_decay=0.0
2023/05/11 03:20:26 - mmengine - INFO - paramwise_options -- backbone.stages.0.blocks.1.ffn.layers.0.0.bias:weight_decay=0.0
2023/05/11 03:20:26 - mmengine - INFO - paramwise_options -- backbone.stages.0.blocks.1.ffn.layers.1.bias:weight_decay=0.0
2023/05/11 03:20:26 - mmengine - INFO - paramwise_options -- backbone.stages.0.blocks.1.norm2.weight:weight_decay=0.0
2023/05/11 03:20:26 - mmengine - INFO - paramwise_options -- backbone.stages.0.blocks.1.norm2.bias:weight_decay=0.0
2023/05/11 03:20:26 - mmengine - INFO - paramwise_options -- backbone.stages.1.downsample.norm.weight:weight_decay=0.0
2023/05/11 03:20:26 - mmengine - INFO - paramwise_options -- backbone.stages.1.downsample.norm.bias:weight_decay=0.0
2023/05/11 03:20:26 - mmengine - INFO - paramwise_options -- backbone.stages.1.blocks.0.attn.w_msa.q_bias:weight_decay=0.0
2023/05/11 03:20:26 - mmengine - INFO - paramwise_options -- backbone.stages.1.blocks.0.attn.w_msa.v_bias:weight_decay=0.0
2023/05/11 03:20:26 - mmengine - INFO - paramwise_options -- backbone.stages.1.blocks.0.attn.w_msa.cpb_mlp.0.bias:weight_decay=0.0
2023/05/11 03:20:26 - mmengine - INFO - paramwise_options -- backbone.stages.1.blocks.0.attn.w_msa.proj.bias:weight_decay=0.0
2023/05/11 03:20:26 - mmengine - INFO - paramwise_options -- backbone.stages.1.blocks.0.norm1.weight:weight_decay=0.0
2023/05/11 03:20:26 - mmengine - INFO - paramwise_options -- backbone.stages.1.blocks.0.norm1.bias:weight_decay=0.0
2023/05/11 03:20:26 - mmengine - INFO - paramwise_options -- backbone.stages.1.blocks.0.ffn.layers.0.0.bias:weight_decay=0.0
2023/05/11 03:20:26 - mmengine - INFO - paramwise_options -- backbone.stages.1.blocks.0.ffn.layers.1.bias:weight_decay=0.0
2023/05/11 03:20:26 - mmengine - INFO - paramwise_options -- backbone.stages.1.blocks.0.norm2.weight:weight_decay=0.0
2023/05/11 03:20:26 - mmengine - INFO - paramwise_options -- backbone.stages.1.blocks.0.norm2.bias:weight_decay=0.0
2023/05/11 03:20:26 - mmengine - INFO - paramwise_options -- backbone.stages.1.blocks.1.attn.w_msa.q_bias:weight_decay=0.0
2023/05/11 03:20:26 - mmengine - INFO - paramwise_options -- backbone.stages.1.blocks.1.attn.w_msa.v_bias:weight_decay=0.0
2023/05/11 03:20:26 - mmengine - INFO - paramwise_options -- backbone.stages.1.blocks.1.attn.w_msa.cpb_mlp.0.bias:weight_decay=0.0
2023/05/11 03:20:26 - mmengine - INFO - paramwise_options -- backbone.stages.1.blocks.1.attn.w_msa.proj.bias:weight_decay=0.0
2023/05/11 03:20:26 - mmengine - INFO - paramwise_options -- backbone.stages.1.blocks.1.norm1.weight:weight_decay=0.0
2023/05/11 03:20:26 - mmengine - INFO - paramwise_options -- backbone.stages.1.blocks.1.norm1.bias:weight_decay=0.0
2023/05/11 03:20:26 - mmengine - INFO - paramwise_options -- backbone.stages.1.blocks.1.ffn.layers.0.0.bias:weight_decay=0.0
2023/05/11 03:20:26 - mmengine - INFO - paramwise_options -- backbone.stages.1.blocks.1.ffn.layers.1.bias:weight_decay=0.0
2023/05/11 03:20:26 - mmengine - INFO - paramwise_options -- backbone.stages.1.blocks.1.norm2.weight:weight_decay=0.0
2023/05/11 03:20:26 - mmengine - INFO - paramwise_options -- backbone.stages.1.blocks.1.norm2.bias:weight_decay=0.0
2023/05/11 03:20:26 - mmengine - INFO - paramwise_options -- backbone.stages.2.downsample.norm.weight:weight_decay=0.0
2023/05/11 03:20:26 - mmengine - INFO - paramwise_options -- backbone.stages.2.downsample.norm.bias:weight_decay=0.0
2023/05/11 03:20:26 - mmengine - INFO - paramwise_options -- backbone.stages.2.blocks.0.attn.w_msa.q_bias:weight_decay=0.0
2023/05/11 03:20:26 - mmengine - INFO - paramwise_options -- backbone.stages.2.blocks.0.attn.w_msa.v_bias:weight_decay=0.0
2023/05/11 03:20:26 - mmengine - INFO - paramwise_options -- backbone.stages.2.blocks.0.attn.w_msa.cpb_mlp.0.bias:weight_decay=0.0
2023/05/11 03:20:26 - mmengine - INFO - paramwise_options -- backbone.stages.2.blocks.0.attn.w_msa.proj.bias:weight_decay=0.0
2023/05/11 03:20:26 - mmengine - INFO - paramwise_options -- backbone.stages.2.blocks.0.norm1.weight:weight_decay=0.0
2023/05/11 03:20:26 - mmengine - INFO - paramwise_options -- backbone.stages.2.blocks.0.norm1.bias:weight_decay=0.0
2023/05/11 03:20:26 - mmengine - INFO - paramwise_options -- backbone.stages.2.blocks.0.ffn.layers.0.0.bias:weight_decay=0.0
2023/05/11 03:20:26 - mmengine - INFO - paramwise_options -- backbone.stages.2.blocks.0.ffn.layers.1.bias:weight_decay=0.0
2023/05/11 03:20:26 - mmengine - INFO - paramwise_options -- backbone.stages.2.blocks.0.norm2.weight:weight_decay=0.0
2023/05/11 03:20:26 - mmengine - INFO - paramwise_options -- backbone.stages.2.blocks.0.norm2.bias:weight_decay=0.0
2023/05/11 03:20:26 - mmengine - INFO - paramwise_options -- backbone.stages.2.blocks.1.attn.w_msa.q_bias:weight_decay=0.0
2023/05/11 03:20:26 - mmengine - INFO - paramwise_options -- backbone.stages.2.blocks.1.attn.w_msa.v_bias:weight_decay=0.0
2023/05/11 03:20:26 - mmengine - INFO - paramwise_options -- backbone.stages.2.blocks.1.attn.w_msa.cpb_mlp.0.bias:weight_decay=0.0
2023/05/11 03:20:26 - mmengine - INFO - paramwise_options -- backbone.stages.2.blocks.1.attn.w_msa.proj.bias:weight_decay=0.0
2023/05/11 03:20:26 - mmengine - INFO - paramwise_options -- backbone.stages.2.blocks.1.norm1.weight:weight_decay=0.0
2023/05/11 03:20:26 - mmengine - INFO - paramwise_options -- backbone.stages.2.blocks.1.norm1.bias:weight_decay=0.0
2023/05/11 03:20:26 - mmengine - INFO - paramwise_options -- backbone.stages.2.blocks.1.ffn.layers.0.0.bias:weight_decay=0.0
2023/05/11 03:20:26 - mmengine - INFO - paramwise_options -- backbone.stages.2.blocks.1.ffn.layers.1.bias:weight_decay=0.0
2023/05/11 03:20:26 - mmengine - INFO - paramwise_options -- backbone.stages.2.blocks.1.norm2.weight:weight_decay=0.0
2023/05/11 03:20:26 - mmengine - INFO - paramwise_options -- backbone.stages.2.blocks.1.norm2.bias:weight_decay=0.0
2023/05/11 03:20:26 - mmengine - INFO - paramwise_options -- backbone.stages.2.blocks.2.attn.w_msa.q_bias:weight_decay=0.0
2023/05/11 03:20:26 - mmengine - INFO - paramwise_options -- backbone.stages.2.blocks.2.attn.w_msa.v_bias:weight_decay=0.0
2023/05/11 03:20:26 - mmengine - INFO - paramwise_options -- backbone.stages.2.blocks.2.attn.w_msa.cpb_mlp.0.bias:weight_decay=0.0
2023/05/11 03:20:26 - mmengine - INFO - paramwise_options -- backbone.stages.2.blocks.2.attn.w_msa.proj.bias:weight_decay=0.0
2023/05/11 03:20:26 - mmengine - INFO - paramwise_options -- backbone.stages.2.blocks.2.norm1.weight:weight_decay=0.0
2023/05/11 03:20:26 - mmengine - INFO - paramwise_options -- backbone.stages.2.blocks.2.norm1.bias:weight_decay=0.0
2023/05/11 03:20:26 - mmengine - INFO - paramwise_options -- backbone.stages.2.blocks.2.ffn.layers.0.0.bias:weight_decay=0.0
2023/05/11 03:20:26 - mmengine - INFO - paramwise_options -- backbone.stages.2.blocks.2.ffn.layers.1.bias:weight_decay=0.0
2023/05/11 03:20:26 - mmengine - INFO - paramwise_options -- backbone.stages.2.blocks.2.norm2.weight:weight_decay=0.0
2023/05/11 03:20:26 - mmengine - INFO - paramwise_options -- backbone.stages.2.blocks.2.norm2.bias:weight_decay=0.0
2023/05/11 03:20:26 - mmengine - INFO - paramwise_options -- backbone.stages.2.blocks.3.attn.w_msa.q_bias:weight_decay=0.0
2023/05/11 03:20:26 - mmengine - INFO - paramwise_options -- backbone.stages.2.blocks.3.attn.w_msa.v_bias:weight_decay=0.0
2023/05/11 03:20:26 - mmengine - INFO - paramwise_options -- backbone.stages.2.blocks.3.attn.w_msa.cpb_mlp.0.bias:weight_decay=0.0
2023/05/11 03:20:26 - mmengine - INFO - paramwise_options -- backbone.stages.2.blocks.3.attn.w_msa.proj.bias:weight_decay=0.0
2023/05/11 03:20:26 - mmengine - INFO - paramwise_options -- backbone.stages.2.blocks.3.norm1.weight:weight_decay=0.0
2023/05/11 03:20:26 - mmengine - INFO - paramwise_options -- backbone.stages.2.blocks.3.norm1.bias:weight_decay=0.0
2023/05/11 03:20:26 - mmengine - INFO - paramwise_options -- backbone.stages.2.blocks.3.ffn.layers.0.0.bias:weight_decay=0.0
2023/05/11 03:20:26 - mmengine - INFO - paramwise_options -- backbone.stages.2.blocks.3.ffn.layers.1.bias:weight_decay=0.0
2023/05/11 03:20:26 - mmengine - INFO - paramwise_options -- backbone.stages.2.blocks.3.norm2.weight:weight_decay=0.0
2023/05/11 03:20:26 - mmengine - INFO - paramwise_options -- backbone.stages.2.blocks.3.norm2.bias:weight_decay=0.0
2023/05/11 03:20:26 - mmengine - INFO - paramwise_options -- backbone.stages.2.blocks.4.attn.w_msa.q_bias:weight_decay=0.0
2023/05/11 03:20:26 - mmengine - INFO - paramwise_options -- backbone.stages.2.blocks.4.attn.w_msa.v_bias:weight_decay=0.0
2023/05/11 03:20:26 - mmengine - INFO - paramwise_options -- backbone.stages.2.blocks.4.attn.w_msa.cpb_mlp.0.bias:weight_decay=0.0
2023/05/11 03:20:26 - mmengine - INFO - paramwise_options -- backbone.stages.2.blocks.4.attn.w_msa.proj.bias:weight_decay=0.0
2023/05/11 03:20:26 - mmengine - INFO - paramwise_options -- backbone.stages.2.blocks.4.norm1.weight:weight_decay=0.0
2023/05/11 03:20:26 - mmengine - INFO - paramwise_options -- backbone.stages.2.blocks.4.norm1.bias:weight_decay=0.0
2023/05/11 03:20:26 - mmengine - INFO - paramwise_options -- backbone.stages.2.blocks.4.ffn.layers.0.0.bias:weight_decay=0.0
2023/05/11 03:20:26 - mmengine - INFO - paramwise_options -- backbone.stages.2.blocks.4.ffn.layers.1.bias:weight_decay=0.0
2023/05/11 03:20:26 - mmengine - INFO - paramwise_options -- backbone.stages.2.blocks.4.norm2.weight:weight_decay=0.0
2023/05/11 03:20:26 - mmengine - INFO - paramwise_options -- backbone.stages.2.blocks.4.norm2.bias:weight_decay=0.0
2023/05/11 03:20:26 - mmengine - INFO - paramwise_options -- backbone.stages.2.blocks.5.attn.w_msa.q_bias:weight_decay=0.0
2023/05/11 03:20:26 - mmengine - INFO - paramwise_options -- backbone.stages.2.blocks.5.attn.w_msa.v_bias:weight_decay=0.0
2023/05/11 03:20:26 - mmengine - INFO - paramwise_options -- backbone.stages.2.blocks.5.attn.w_msa.cpb_mlp.0.bias:weight_decay=0.0
2023/05/11 03:20:26 - mmengine - INFO - paramwise_options -- backbone.stages.2.blocks.5.attn.w_msa.proj.bias:weight_decay=0.0
2023/05/11 03:20:26 - mmengine - INFO - paramwise_options -- backbone.stages.2.blocks.5.norm1.weight:weight_decay=0.0
2023/05/11 03:20:26 - mmengine - INFO - paramwise_options -- backbone.stages.2.blocks.5.norm1.bias:weight_decay=0.0
2023/05/11 03:20:26 - mmengine - INFO - paramwise_options -- backbone.stages.2.blocks.5.ffn.layers.0.0.bias:weight_decay=0.0
2023/05/11 03:20:26 - mmengine - INFO - paramwise_options -- backbone.stages.2.blocks.5.ffn.layers.1.bias:weight_decay=0.0
2023/05/11 03:20:26 - mmengine - INFO - paramwise_options -- backbone.stages.2.blocks.5.norm2.weight:weight_decay=0.0
2023/05/11 03:20:26 - mmengine - INFO - paramwise_options -- backbone.stages.2.blocks.5.norm2.bias:weight_decay=0.0
2023/05/11 03:20:26 - mmengine - INFO - paramwise_options -- backbone.stages.3.downsample.norm.weight:weight_decay=0.0
2023/05/11 03:20:26 - mmengine - INFO - paramwise_options -- backbone.stages.3.downsample.norm.bias:weight_decay=0.0
2023/05/11 03:20:26 - mmengine - INFO - paramwise_options -- backbone.stages.3.blocks.0.attn.w_msa.q_bias:weight_decay=0.0
2023/05/11 03:20:26 - mmengine - INFO - paramwise_options -- backbone.stages.3.blocks.0.attn.w_msa.v_bias:weight_decay=0.0
2023/05/11 03:20:26 - mmengine - INFO - paramwise_options -- backbone.stages.3.blocks.0.attn.w_msa.cpb_mlp.0.bias:weight_decay=0.0
2023/05/11 03:20:26 - mmengine - INFO - paramwise_options -- backbone.stages.3.blocks.0.attn.w_msa.proj.bias:weight_decay=0.0
2023/05/11 03:20:26 - mmengine - INFO - paramwise_options -- backbone.stages.3.blocks.0.norm1.weight:weight_decay=0.0
2023/05/11 03:20:26 - mmengine - INFO - paramwise_options -- backbone.stages.3.blocks.0.norm1.bias:weight_decay=0.0
2023/05/11 03:20:26 - mmengine - INFO - paramwise_options -- backbone.stages.3.blocks.0.ffn.layers.0.0.bias:weight_decay=0.0
2023/05/11 03:20:26 - mmengine - INFO - paramwise_options -- backbone.stages.3.blocks.0.ffn.layers.1.bias:weight_decay=0.0
2023/05/11 03:20:26 - mmengine - INFO - paramwise_options -- backbone.stages.3.blocks.0.norm2.weight:weight_decay=0.0
2023/05/11 03:20:26 - mmengine - INFO - paramwise_options -- backbone.stages.3.blocks.0.norm2.bias:weight_decay=0.0
2023/05/11 03:20:26 - mmengine - INFO - paramwise_options -- backbone.stages.3.blocks.1.attn.w_msa.q_bias:weight_decay=0.0
2023/05/11 03:20:26 - mmengine - INFO - paramwise_options -- backbone.stages.3.blocks.1.attn.w_msa.v_bias:weight_decay=0.0
2023/05/11 03:20:26 - mmengine - INFO - paramwise_options -- backbone.stages.3.blocks.1.attn.w_msa.cpb_mlp.0.bias:weight_decay=0.0
2023/05/11 03:20:26 - mmengine - INFO - paramwise_options -- backbone.stages.3.blocks.1.attn.w_msa.proj.bias:weight_decay=0.0
2023/05/11 03:20:26 - mmengine - INFO - paramwise_options -- backbone.stages.3.blocks.1.norm1.weight:weight_decay=0.0
2023/05/11 03:20:26 - mmengine - INFO - paramwise_options -- backbone.stages.3.blocks.1.norm1.bias:weight_decay=0.0
2023/05/11 03:20:26 - mmengine - INFO - paramwise_options -- backbone.stages.3.blocks.1.ffn.layers.0.0.bias:weight_decay=0.0
2023/05/11 03:20:26 - mmengine - INFO - paramwise_options -- backbone.stages.3.blocks.1.ffn.layers.1.bias:weight_decay=0.0
2023/05/11 03:20:26 - mmengine - INFO - paramwise_options -- backbone.stages.3.blocks.1.norm2.weight:weight_decay=0.0
2023/05/11 03:20:26 - mmengine - INFO - paramwise_options -- backbone.stages.3.blocks.1.norm2.bias:weight_decay=0.0
2023/05/11 03:20:26 - mmengine - INFO - paramwise_options -- backbone.norm3.weight:weight_decay=0.0
2023/05/11 03:20:26 - mmengine - INFO - paramwise_options -- backbone.norm3.bias:weight_decay=0.0
2023/05/11 03:20:26 - mmengine - INFO - paramwise_options -- head.fc.bias:weight_decay=0.0
Name of parameter - Initialization information

backbone.patch_embed.projection.weight - torch.Size([96, 3, 4, 4]): 
The value is the same before and after calling `init_weights` of ImageClassifier  

backbone.patch_embed.projection.bias - torch.Size([96]): 
The value is the same before and after calling `init_weights` of ImageClassifier  

backbone.patch_embed.norm.weight - torch.Size([96]): 
The value is the same before and after calling `init_weights` of ImageClassifier  

backbone.patch_embed.norm.bias - torch.Size([96]): 
The value is the same before and after calling `init_weights` of ImageClassifier  

backbone.stages.0.blocks.0.attn.w_msa.logit_scale - torch.Size([3, 1, 1]): 
The value is the same before and after calling `init_weights` of ImageClassifier  

backbone.stages.0.blocks.0.attn.w_msa.q_bias - torch.Size([96]): 
The value is the same before and after calling `init_weights` of ImageClassifier  

backbone.stages.0.blocks.0.attn.w_msa.v_bias - torch.Size([96]): 
The value is the same before and after calling `init_weights` of ImageClassifier  

backbone.stages.0.blocks.0.attn.w_msa.cpb_mlp.0.weight - torch.Size([512, 2]): 
TruncNormalInit: a=-2, b=2, mean=0, std=0.02, bias=0.0 

backbone.stages.0.blocks.0.attn.w_msa.cpb_mlp.0.bias - torch.Size([512]): 
TruncNormalInit: a=-2, b=2, mean=0, std=0.02, bias=0.0 

backbone.stages.0.blocks.0.attn.w_msa.cpb_mlp.2.weight - torch.Size([3, 512]): 
TruncNormalInit: a=-2, b=2, mean=0, std=0.02, bias=0.0 

backbone.stages.0.blocks.0.attn.w_msa.qkv.weight - torch.Size([288, 96]): 
TruncNormalInit: a=-2, b=2, mean=0, std=0.02, bias=0.0 

backbone.stages.0.blocks.0.attn.w_msa.proj.weight - torch.Size([96, 96]): 
TruncNormalInit: a=-2, b=2, mean=0, std=0.02, bias=0.0 

backbone.stages.0.blocks.0.attn.w_msa.proj.bias - torch.Size([96]): 
TruncNormalInit: a=-2, b=2, mean=0, std=0.02, bias=0.0 

backbone.stages.0.blocks.0.norm1.weight - torch.Size([96]): 
The value is the same before and after calling `init_weights` of ImageClassifier  

backbone.stages.0.blocks.0.norm1.bias - torch.Size([96]): 
The value is the same before and after calling `init_weights` of ImageClassifier  

backbone.stages.0.blocks.0.ffn.layers.0.0.weight - torch.Size([384, 96]): 
TruncNormalInit: a=-2, b=2, mean=0, std=0.02, bias=0.0 

backbone.stages.0.blocks.0.ffn.layers.0.0.bias - torch.Size([384]): 
TruncNormalInit: a=-2, b=2, mean=0, std=0.02, bias=0.0 

backbone.stages.0.blocks.0.ffn.layers.1.weight - torch.Size([96, 384]): 
TruncNormalInit: a=-2, b=2, mean=0, std=0.02, bias=0.0 

backbone.stages.0.blocks.0.ffn.layers.1.bias - torch.Size([96]): 
TruncNormalInit: a=-2, b=2, mean=0, std=0.02, bias=0.0 

backbone.stages.0.blocks.0.norm2.weight - torch.Size([96]): 
The value is the same before and after calling `init_weights` of ImageClassifier  

backbone.stages.0.blocks.0.norm2.bias - torch.Size([96]): 
The value is the same before and after calling `init_weights` of ImageClassifier  

backbone.stages.0.blocks.1.attn.w_msa.logit_scale - torch.Size([3, 1, 1]): 
The value is the same before and after calling `init_weights` of ImageClassifier  

backbone.stages.0.blocks.1.attn.w_msa.q_bias - torch.Size([96]): 
The value is the same before and after calling `init_weights` of ImageClassifier  

backbone.stages.0.blocks.1.attn.w_msa.v_bias - torch.Size([96]): 
The value is the same before and after calling `init_weights` of ImageClassifier  

backbone.stages.0.blocks.1.attn.w_msa.cpb_mlp.0.weight - torch.Size([512, 2]): 
TruncNormalInit: a=-2, b=2, mean=0, std=0.02, bias=0.0 

backbone.stages.0.blocks.1.attn.w_msa.cpb_mlp.0.bias - torch.Size([512]): 
TruncNormalInit: a=-2, b=2, mean=0, std=0.02, bias=0.0 

backbone.stages.0.blocks.1.attn.w_msa.cpb_mlp.2.weight - torch.Size([3, 512]): 
TruncNormalInit: a=-2, b=2, mean=0, std=0.02, bias=0.0 

backbone.stages.0.blocks.1.attn.w_msa.qkv.weight - torch.Size([288, 96]): 
TruncNormalInit: a=-2, b=2, mean=0, std=0.02, bias=0.0 

backbone.stages.0.blocks.1.attn.w_msa.proj.weight - torch.Size([96, 96]): 
TruncNormalInit: a=-2, b=2, mean=0, std=0.02, bias=0.0 

backbone.stages.0.blocks.1.attn.w_msa.proj.bias - torch.Size([96]): 
TruncNormalInit: a=-2, b=2, mean=0, std=0.02, bias=0.0 

backbone.stages.0.blocks.1.norm1.weight - torch.Size([96]): 
The value is the same before and after calling `init_weights` of ImageClassifier  

backbone.stages.0.blocks.1.norm1.bias - torch.Size([96]): 
The value is the same before and after calling `init_weights` of ImageClassifier  

backbone.stages.0.blocks.1.ffn.layers.0.0.weight - torch.Size([384, 96]): 
TruncNormalInit: a=-2, b=2, mean=0, std=0.02, bias=0.0 

backbone.stages.0.blocks.1.ffn.layers.0.0.bias - torch.Size([384]): 
TruncNormalInit: a=-2, b=2, mean=0, std=0.02, bias=0.0 

backbone.stages.0.blocks.1.ffn.layers.1.weight - torch.Size([96, 384]): 
TruncNormalInit: a=-2, b=2, mean=0, std=0.02, bias=0.0 

backbone.stages.0.blocks.1.ffn.layers.1.bias - torch.Size([96]): 
TruncNormalInit: a=-2, b=2, mean=0, std=0.02, bias=0.0 

backbone.stages.0.blocks.1.norm2.weight - torch.Size([96]): 
The value is the same before and after calling `init_weights` of ImageClassifier  

backbone.stages.0.blocks.1.norm2.bias - torch.Size([96]): 
The value is the same before and after calling `init_weights` of ImageClassifier  

backbone.stages.1.downsample.reduction.weight - torch.Size([192, 384]): 
TruncNormalInit: a=-2, b=2, mean=0, std=0.02, bias=0.0 

backbone.stages.1.downsample.norm.weight - torch.Size([192]): 
The value is the same before and after calling `init_weights` of ImageClassifier  

backbone.stages.1.downsample.norm.bias - torch.Size([192]): 
The value is the same before and after calling `init_weights` of ImageClassifier  

backbone.stages.1.blocks.0.attn.w_msa.logit_scale - torch.Size([6, 1, 1]): 
The value is the same before and after calling `init_weights` of ImageClassifier  

backbone.stages.1.blocks.0.attn.w_msa.q_bias - torch.Size([192]): 
The value is the same before and after calling `init_weights` of ImageClassifier  

backbone.stages.1.blocks.0.attn.w_msa.v_bias - torch.Size([192]): 
The value is the same before and after calling `init_weights` of ImageClassifier  

backbone.stages.1.blocks.0.attn.w_msa.cpb_mlp.0.weight - torch.Size([512, 2]): 
TruncNormalInit: a=-2, b=2, mean=0, std=0.02, bias=0.0 

backbone.stages.1.blocks.0.attn.w_msa.cpb_mlp.0.bias - torch.Size([512]): 
TruncNormalInit: a=-2, b=2, mean=0, std=0.02, bias=0.0 

backbone.stages.1.blocks.0.attn.w_msa.cpb_mlp.2.weight - torch.Size([6, 512]): 
TruncNormalInit: a=-2, b=2, mean=0, std=0.02, bias=0.0 

backbone.stages.1.blocks.0.attn.w_msa.qkv.weight - torch.Size([576, 192]): 
TruncNormalInit: a=-2, b=2, mean=0, std=0.02, bias=0.0 

backbone.stages.1.blocks.0.attn.w_msa.proj.weight - torch.Size([192, 192]): 
TruncNormalInit: a=-2, b=2, mean=0, std=0.02, bias=0.0 

backbone.stages.1.blocks.0.attn.w_msa.proj.bias - torch.Size([192]): 
TruncNormalInit: a=-2, b=2, mean=0, std=0.02, bias=0.0 

backbone.stages.1.blocks.0.norm1.weight - torch.Size([192]): 
The value is the same before and after calling `init_weights` of ImageClassifier  

backbone.stages.1.blocks.0.norm1.bias - torch.Size([192]): 
The value is the same before and after calling `init_weights` of ImageClassifier  

backbone.stages.1.blocks.0.ffn.layers.0.0.weight - torch.Size([768, 192]): 
TruncNormalInit: a=-2, b=2, mean=0, std=0.02, bias=0.0 

backbone.stages.1.blocks.0.ffn.layers.0.0.bias - torch.Size([768]): 
TruncNormalInit: a=-2, b=2, mean=0, std=0.02, bias=0.0 

backbone.stages.1.blocks.0.ffn.layers.1.weight - torch.Size([192, 768]): 
TruncNormalInit: a=-2, b=2, mean=0, std=0.02, bias=0.0 

backbone.stages.1.blocks.0.ffn.layers.1.bias - torch.Size([192]): 
TruncNormalInit: a=-2, b=2, mean=0, std=0.02, bias=0.0 

backbone.stages.1.blocks.0.norm2.weight - torch.Size([192]): 
The value is the same before and after calling `init_weights` of ImageClassifier  

backbone.stages.1.blocks.0.norm2.bias - torch.Size([192]): 
The value is the same before and after calling `init_weights` of ImageClassifier  

backbone.stages.1.blocks.1.attn.w_msa.logit_scale - torch.Size([6, 1, 1]): 
The value is the same before and after calling `init_weights` of ImageClassifier  

backbone.stages.1.blocks.1.attn.w_msa.q_bias - torch.Size([192]): 
The value is the same before and after calling `init_weights` of ImageClassifier  

backbone.stages.1.blocks.1.attn.w_msa.v_bias - torch.Size([192]): 
The value is the same before and after calling `init_weights` of ImageClassifier  

backbone.stages.1.blocks.1.attn.w_msa.cpb_mlp.0.weight - torch.Size([512, 2]): 
TruncNormalInit: a=-2, b=2, mean=0, std=0.02, bias=0.0 

backbone.stages.1.blocks.1.attn.w_msa.cpb_mlp.0.bias - torch.Size([512]): 
TruncNormalInit: a=-2, b=2, mean=0, std=0.02, bias=0.0 

backbone.stages.1.blocks.1.attn.w_msa.cpb_mlp.2.weight - torch.Size([6, 512]): 
TruncNormalInit: a=-2, b=2, mean=0, std=0.02, bias=0.0 

backbone.stages.1.blocks.1.attn.w_msa.qkv.weight - torch.Size([576, 192]): 
TruncNormalInit: a=-2, b=2, mean=0, std=0.02, bias=0.0 

backbone.stages.1.blocks.1.attn.w_msa.proj.weight - torch.Size([192, 192]): 
TruncNormalInit: a=-2, b=2, mean=0, std=0.02, bias=0.0 

backbone.stages.1.blocks.1.attn.w_msa.proj.bias - torch.Size([192]): 
TruncNormalInit: a=-2, b=2, mean=0, std=0.02, bias=0.0 

backbone.stages.1.blocks.1.norm1.weight - torch.Size([192]): 
The value is the same before and after calling `init_weights` of ImageClassifier  

backbone.stages.1.blocks.1.norm1.bias - torch.Size([192]): 
The value is the same before and after calling `init_weights` of ImageClassifier  

backbone.stages.1.blocks.1.ffn.layers.0.0.weight - torch.Size([768, 192]): 
TruncNormalInit: a=-2, b=2, mean=0, std=0.02, bias=0.0 

backbone.stages.1.blocks.1.ffn.layers.0.0.bias - torch.Size([768]): 
TruncNormalInit: a=-2, b=2, mean=0, std=0.02, bias=0.0 

backbone.stages.1.blocks.1.ffn.layers.1.weight - torch.Size([192, 768]): 
TruncNormalInit: a=-2, b=2, mean=0, std=0.02, bias=0.0 

backbone.stages.1.blocks.1.ffn.layers.1.bias - torch.Size([192]): 
TruncNormalInit: a=-2, b=2, mean=0, std=0.02, bias=0.0 

backbone.stages.1.blocks.1.norm2.weight - torch.Size([192]): 
The value is the same before and after calling `init_weights` of ImageClassifier  

backbone.stages.1.blocks.1.norm2.bias - torch.Size([192]): 
The value is the same before and after calling `init_weights` of ImageClassifier  

backbone.stages.2.downsample.reduction.weight - torch.Size([384, 768]): 
TruncNormalInit: a=-2, b=2, mean=0, std=0.02, bias=0.0 

backbone.stages.2.downsample.norm.weight - torch.Size([384]): 
The value is the same before and after calling `init_weights` of ImageClassifier  

backbone.stages.2.downsample.norm.bias - torch.Size([384]): 
The value is the same before and after calling `init_weights` of ImageClassifier  

backbone.stages.2.blocks.0.attn.w_msa.logit_scale - torch.Size([12, 1, 1]): 
The value is the same before and after calling `init_weights` of ImageClassifier  

backbone.stages.2.blocks.0.attn.w_msa.q_bias - torch.Size([384]): 
The value is the same before and after calling `init_weights` of ImageClassifier  

backbone.stages.2.blocks.0.attn.w_msa.v_bias - torch.Size([384]): 
The value is the same before and after calling `init_weights` of ImageClassifier  

backbone.stages.2.blocks.0.attn.w_msa.cpb_mlp.0.weight - torch.Size([512, 2]): 
TruncNormalInit: a=-2, b=2, mean=0, std=0.02, bias=0.0 

backbone.stages.2.blocks.0.attn.w_msa.cpb_mlp.0.bias - torch.Size([512]): 
TruncNormalInit: a=-2, b=2, mean=0, std=0.02, bias=0.0 

backbone.stages.2.blocks.0.attn.w_msa.cpb_mlp.2.weight - torch.Size([12, 512]): 
TruncNormalInit: a=-2, b=2, mean=0, std=0.02, bias=0.0 

backbone.stages.2.blocks.0.attn.w_msa.qkv.weight - torch.Size([1152, 384]): 
TruncNormalInit: a=-2, b=2, mean=0, std=0.02, bias=0.0 

backbone.stages.2.blocks.0.attn.w_msa.proj.weight - torch.Size([384, 384]): 
TruncNormalInit: a=-2, b=2, mean=0, std=0.02, bias=0.0 

backbone.stages.2.blocks.0.attn.w_msa.proj.bias - torch.Size([384]): 
TruncNormalInit: a=-2, b=2, mean=0, std=0.02, bias=0.0 

backbone.stages.2.blocks.0.norm1.weight - torch.Size([384]): 
The value is the same before and after calling `init_weights` of ImageClassifier  

backbone.stages.2.blocks.0.norm1.bias - torch.Size([384]): 
The value is the same before and after calling `init_weights` of ImageClassifier  

backbone.stages.2.blocks.0.ffn.layers.0.0.weight - torch.Size([1536, 384]): 
TruncNormalInit: a=-2, b=2, mean=0, std=0.02, bias=0.0 

backbone.stages.2.blocks.0.ffn.layers.0.0.bias - torch.Size([1536]): 
TruncNormalInit: a=-2, b=2, mean=0, std=0.02, bias=0.0 

backbone.stages.2.blocks.0.ffn.layers.1.weight - torch.Size([384, 1536]): 
TruncNormalInit: a=-2, b=2, mean=0, std=0.02, bias=0.0 

backbone.stages.2.blocks.0.ffn.layers.1.bias - torch.Size([384]): 
TruncNormalInit: a=-2, b=2, mean=0, std=0.02, bias=0.0 

backbone.stages.2.blocks.0.norm2.weight - torch.Size([384]): 
The value is the same before and after calling `init_weights` of ImageClassifier  

backbone.stages.2.blocks.0.norm2.bias - torch.Size([384]): 
The value is the same before and after calling `init_weights` of ImageClassifier  

backbone.stages.2.blocks.1.attn.w_msa.logit_scale - torch.Size([12, 1, 1]): 
The value is the same before and after calling `init_weights` of ImageClassifier  

backbone.stages.2.blocks.1.attn.w_msa.q_bias - torch.Size([384]): 
The value is the same before and after calling `init_weights` of ImageClassifier  

backbone.stages.2.blocks.1.attn.w_msa.v_bias - torch.Size([384]): 
The value is the same before and after calling `init_weights` of ImageClassifier  

backbone.stages.2.blocks.1.attn.w_msa.cpb_mlp.0.weight - torch.Size([512, 2]): 
TruncNormalInit: a=-2, b=2, mean=0, std=0.02, bias=0.0 

backbone.stages.2.blocks.1.attn.w_msa.cpb_mlp.0.bias - torch.Size([512]): 
TruncNormalInit: a=-2, b=2, mean=0, std=0.02, bias=0.0 

backbone.stages.2.blocks.1.attn.w_msa.cpb_mlp.2.weight - torch.Size([12, 512]): 
TruncNormalInit: a=-2, b=2, mean=0, std=0.02, bias=0.0 

backbone.stages.2.blocks.1.attn.w_msa.qkv.weight - torch.Size([1152, 384]): 
TruncNormalInit: a=-2, b=2, mean=0, std=0.02, bias=0.0 

backbone.stages.2.blocks.1.attn.w_msa.proj.weight - torch.Size([384, 384]): 
TruncNormalInit: a=-2, b=2, mean=0, std=0.02, bias=0.0 

backbone.stages.2.blocks.1.attn.w_msa.proj.bias - torch.Size([384]): 
TruncNormalInit: a=-2, b=2, mean=0, std=0.02, bias=0.0 

backbone.stages.2.blocks.1.norm1.weight - torch.Size([384]): 
The value is the same before and after calling `init_weights` of ImageClassifier  

backbone.stages.2.blocks.1.norm1.bias - torch.Size([384]): 
The value is the same before and after calling `init_weights` of ImageClassifier  

backbone.stages.2.blocks.1.ffn.layers.0.0.weight - torch.Size([1536, 384]): 
TruncNormalInit: a=-2, b=2, mean=0, std=0.02, bias=0.0 

backbone.stages.2.blocks.1.ffn.layers.0.0.bias - torch.Size([1536]): 
TruncNormalInit: a=-2, b=2, mean=0, std=0.02, bias=0.0 

backbone.stages.2.blocks.1.ffn.layers.1.weight - torch.Size([384, 1536]): 
TruncNormalInit: a=-2, b=2, mean=0, std=0.02, bias=0.0 

backbone.stages.2.blocks.1.ffn.layers.1.bias - torch.Size([384]): 
TruncNormalInit: a=-2, b=2, mean=0, std=0.02, bias=0.0 

backbone.stages.2.blocks.1.norm2.weight - torch.Size([384]): 
The value is the same before and after calling `init_weights` of ImageClassifier  

backbone.stages.2.blocks.1.norm2.bias - torch.Size([384]): 
The value is the same before and after calling `init_weights` of ImageClassifier  

backbone.stages.2.blocks.2.attn.w_msa.logit_scale - torch.Size([12, 1, 1]): 
The value is the same before and after calling `init_weights` of ImageClassifier  

backbone.stages.2.blocks.2.attn.w_msa.q_bias - torch.Size([384]): 
The value is the same before and after calling `init_weights` of ImageClassifier  

backbone.stages.2.blocks.2.attn.w_msa.v_bias - torch.Size([384]): 
The value is the same before and after calling `init_weights` of ImageClassifier  

backbone.stages.2.blocks.2.attn.w_msa.cpb_mlp.0.weight - torch.Size([512, 2]): 
TruncNormalInit: a=-2, b=2, mean=0, std=0.02, bias=0.0 

backbone.stages.2.blocks.2.attn.w_msa.cpb_mlp.0.bias - torch.Size([512]): 
TruncNormalInit: a=-2, b=2, mean=0, std=0.02, bias=0.0 

backbone.stages.2.blocks.2.attn.w_msa.cpb_mlp.2.weight - torch.Size([12, 512]): 
TruncNormalInit: a=-2, b=2, mean=0, std=0.02, bias=0.0 

backbone.stages.2.blocks.2.attn.w_msa.qkv.weight - torch.Size([1152, 384]): 
TruncNormalInit: a=-2, b=2, mean=0, std=0.02, bias=0.0 

backbone.stages.2.blocks.2.attn.w_msa.proj.weight - torch.Size([384, 384]): 
TruncNormalInit: a=-2, b=2, mean=0, std=0.02, bias=0.0 

backbone.stages.2.blocks.2.attn.w_msa.proj.bias - torch.Size([384]): 
TruncNormalInit: a=-2, b=2, mean=0, std=0.02, bias=0.0 

backbone.stages.2.blocks.2.norm1.weight - torch.Size([384]): 
The value is the same before and after calling `init_weights` of ImageClassifier  

backbone.stages.2.blocks.2.norm1.bias - torch.Size([384]): 
The value is the same before and after calling `init_weights` of ImageClassifier  

backbone.stages.2.blocks.2.ffn.layers.0.0.weight - torch.Size([1536, 384]): 
TruncNormalInit: a=-2, b=2, mean=0, std=0.02, bias=0.0 

backbone.stages.2.blocks.2.ffn.layers.0.0.bias - torch.Size([1536]): 
TruncNormalInit: a=-2, b=2, mean=0, std=0.02, bias=0.0 

backbone.stages.2.blocks.2.ffn.layers.1.weight - torch.Size([384, 1536]): 
TruncNormalInit: a=-2, b=2, mean=0, std=0.02, bias=0.0 

backbone.stages.2.blocks.2.ffn.layers.1.bias - torch.Size([384]): 
TruncNormalInit: a=-2, b=2, mean=0, std=0.02, bias=0.0 

backbone.stages.2.blocks.2.norm2.weight - torch.Size([384]): 
The value is the same before and after calling `init_weights` of ImageClassifier  

backbone.stages.2.blocks.2.norm2.bias - torch.Size([384]): 
The value is the same before and after calling `init_weights` of ImageClassifier  

backbone.stages.2.blocks.3.attn.w_msa.logit_scale - torch.Size([12, 1, 1]): 
The value is the same before and after calling `init_weights` of ImageClassifier  

backbone.stages.2.blocks.3.attn.w_msa.q_bias - torch.Size([384]): 
The value is the same before and after calling `init_weights` of ImageClassifier  

backbone.stages.2.blocks.3.attn.w_msa.v_bias - torch.Size([384]): 
The value is the same before and after calling `init_weights` of ImageClassifier  

backbone.stages.2.blocks.3.attn.w_msa.cpb_mlp.0.weight - torch.Size([512, 2]): 
TruncNormalInit: a=-2, b=2, mean=0, std=0.02, bias=0.0 

backbone.stages.2.blocks.3.attn.w_msa.cpb_mlp.0.bias - torch.Size([512]): 
TruncNormalInit: a=-2, b=2, mean=0, std=0.02, bias=0.0 

backbone.stages.2.blocks.3.attn.w_msa.cpb_mlp.2.weight - torch.Size([12, 512]): 
TruncNormalInit: a=-2, b=2, mean=0, std=0.02, bias=0.0 

backbone.stages.2.blocks.3.attn.w_msa.qkv.weight - torch.Size([1152, 384]): 
TruncNormalInit: a=-2, b=2, mean=0, std=0.02, bias=0.0 

backbone.stages.2.blocks.3.attn.w_msa.proj.weight - torch.Size([384, 384]): 
TruncNormalInit: a=-2, b=2, mean=0, std=0.02, bias=0.0 

backbone.stages.2.blocks.3.attn.w_msa.proj.bias - torch.Size([384]): 
TruncNormalInit: a=-2, b=2, mean=0, std=0.02, bias=0.0 

backbone.stages.2.blocks.3.norm1.weight - torch.Size([384]): 
The value is the same before and after calling `init_weights` of ImageClassifier  

backbone.stages.2.blocks.3.norm1.bias - torch.Size([384]): 
The value is the same before and after calling `init_weights` of ImageClassifier  

backbone.stages.2.blocks.3.ffn.layers.0.0.weight - torch.Size([1536, 384]): 
TruncNormalInit: a=-2, b=2, mean=0, std=0.02, bias=0.0 

backbone.stages.2.blocks.3.ffn.layers.0.0.bias - torch.Size([1536]): 
TruncNormalInit: a=-2, b=2, mean=0, std=0.02, bias=0.0 

backbone.stages.2.blocks.3.ffn.layers.1.weight - torch.Size([384, 1536]): 
TruncNormalInit: a=-2, b=2, mean=0, std=0.02, bias=0.0 

backbone.stages.2.blocks.3.ffn.layers.1.bias - torch.Size([384]): 
TruncNormalInit: a=-2, b=2, mean=0, std=0.02, bias=0.0 

backbone.stages.2.blocks.3.norm2.weight - torch.Size([384]): 
The value is the same before and after calling `init_weights` of ImageClassifier  

backbone.stages.2.blocks.3.norm2.bias - torch.Size([384]): 
The value is the same before and after calling `init_weights` of ImageClassifier  

backbone.stages.2.blocks.4.attn.w_msa.logit_scale - torch.Size([12, 1, 1]): 
The value is the same before and after calling `init_weights` of ImageClassifier  

backbone.stages.2.blocks.4.attn.w_msa.q_bias - torch.Size([384]): 
The value is the same before and after calling `init_weights` of ImageClassifier  

backbone.stages.2.blocks.4.attn.w_msa.v_bias - torch.Size([384]): 
The value is the same before and after calling `init_weights` of ImageClassifier  

backbone.stages.2.blocks.4.attn.w_msa.cpb_mlp.0.weight - torch.Size([512, 2]): 
TruncNormalInit: a=-2, b=2, mean=0, std=0.02, bias=0.0 

backbone.stages.2.blocks.4.attn.w_msa.cpb_mlp.0.bias - torch.Size([512]): 
TruncNormalInit: a=-2, b=2, mean=0, std=0.02, bias=0.0 

backbone.stages.2.blocks.4.attn.w_msa.cpb_mlp.2.weight - torch.Size([12, 512]): 
TruncNormalInit: a=-2, b=2, mean=0, std=0.02, bias=0.0 

backbone.stages.2.blocks.4.attn.w_msa.qkv.weight - torch.Size([1152, 384]): 
TruncNormalInit: a=-2, b=2, mean=0, std=0.02, bias=0.0 

backbone.stages.2.blocks.4.attn.w_msa.proj.weight - torch.Size([384, 384]): 
TruncNormalInit: a=-2, b=2, mean=0, std=0.02, bias=0.0 

backbone.stages.2.blocks.4.attn.w_msa.proj.bias - torch.Size([384]): 
TruncNormalInit: a=-2, b=2, mean=0, std=0.02, bias=0.0 

backbone.stages.2.blocks.4.norm1.weight - torch.Size([384]): 
The value is the same before and after calling `init_weights` of ImageClassifier  

backbone.stages.2.blocks.4.norm1.bias - torch.Size([384]): 
The value is the same before and after calling `init_weights` of ImageClassifier  

backbone.stages.2.blocks.4.ffn.layers.0.0.weight - torch.Size([1536, 384]): 
TruncNormalInit: a=-2, b=2, mean=0, std=0.02, bias=0.0 

backbone.stages.2.blocks.4.ffn.layers.0.0.bias - torch.Size([1536]): 
TruncNormalInit: a=-2, b=2, mean=0, std=0.02, bias=0.0 

backbone.stages.2.blocks.4.ffn.layers.1.weight - torch.Size([384, 1536]): 
TruncNormalInit: a=-2, b=2, mean=0, std=0.02, bias=0.0 

backbone.stages.2.blocks.4.ffn.layers.1.bias - torch.Size([384]): 
TruncNormalInit: a=-2, b=2, mean=0, std=0.02, bias=0.0 

backbone.stages.2.blocks.4.norm2.weight - torch.Size([384]): 
The value is the same before and after calling `init_weights` of ImageClassifier  

backbone.stages.2.blocks.4.norm2.bias - torch.Size([384]): 
The value is the same before and after calling `init_weights` of ImageClassifier  

backbone.stages.2.blocks.5.attn.w_msa.logit_scale - torch.Size([12, 1, 1]): 
The value is the same before and after calling `init_weights` of ImageClassifier  

backbone.stages.2.blocks.5.attn.w_msa.q_bias - torch.Size([384]): 
The value is the same before and after calling `init_weights` of ImageClassifier  

backbone.stages.2.blocks.5.attn.w_msa.v_bias - torch.Size([384]): 
The value is the same before and after calling `init_weights` of ImageClassifier  

backbone.stages.2.blocks.5.attn.w_msa.cpb_mlp.0.weight - torch.Size([512, 2]): 
TruncNormalInit: a=-2, b=2, mean=0, std=0.02, bias=0.0 

backbone.stages.2.blocks.5.attn.w_msa.cpb_mlp.0.bias - torch.Size([512]): 
TruncNormalInit: a=-2, b=2, mean=0, std=0.02, bias=0.0 

backbone.stages.2.blocks.5.attn.w_msa.cpb_mlp.2.weight - torch.Size([12, 512]): 
TruncNormalInit: a=-2, b=2, mean=0, std=0.02, bias=0.0 

backbone.stages.2.blocks.5.attn.w_msa.qkv.weight - torch.Size([1152, 384]): 
TruncNormalInit: a=-2, b=2, mean=0, std=0.02, bias=0.0 

backbone.stages.2.blocks.5.attn.w_msa.proj.weight - torch.Size([384, 384]): 
TruncNormalInit: a=-2, b=2, mean=0, std=0.02, bias=0.0 

backbone.stages.2.blocks.5.attn.w_msa.proj.bias - torch.Size([384]): 
TruncNormalInit: a=-2, b=2, mean=0, std=0.02, bias=0.0 

backbone.stages.2.blocks.5.norm1.weight - torch.Size([384]): 
The value is the same before and after calling `init_weights` of ImageClassifier  

backbone.stages.2.blocks.5.norm1.bias - torch.Size([384]): 
The value is the same before and after calling `init_weights` of ImageClassifier  

backbone.stages.2.blocks.5.ffn.layers.0.0.weight - torch.Size([1536, 384]): 
TruncNormalInit: a=-2, b=2, mean=0, std=0.02, bias=0.0 

backbone.stages.2.blocks.5.ffn.layers.0.0.bias - torch.Size([1536]): 
TruncNormalInit: a=-2, b=2, mean=0, std=0.02, bias=0.0 

backbone.stages.2.blocks.5.ffn.layers.1.weight - torch.Size([384, 1536]): 
TruncNormalInit: a=-2, b=2, mean=0, std=0.02, bias=0.0 

backbone.stages.2.blocks.5.ffn.layers.1.bias - torch.Size([384]): 
TruncNormalInit: a=-2, b=2, mean=0, std=0.02, bias=0.0 

backbone.stages.2.blocks.5.norm2.weight - torch.Size([384]): 
The value is the same before and after calling `init_weights` of ImageClassifier  

backbone.stages.2.blocks.5.norm2.bias - torch.Size([384]): 
The value is the same before and after calling `init_weights` of ImageClassifier  

backbone.stages.3.downsample.reduction.weight - torch.Size([768, 1536]): 
TruncNormalInit: a=-2, b=2, mean=0, std=0.02, bias=0.0 

backbone.stages.3.downsample.norm.weight - torch.Size([768]): 
The value is the same before and after calling `init_weights` of ImageClassifier  

backbone.stages.3.downsample.norm.bias - torch.Size([768]): 
The value is the same before and after calling `init_weights` of ImageClassifier  

backbone.stages.3.blocks.0.attn.w_msa.logit_scale - torch.Size([24, 1, 1]): 
The value is the same before and after calling `init_weights` of ImageClassifier  

backbone.stages.3.blocks.0.attn.w_msa.q_bias - torch.Size([768]): 
The value is the same before and after calling `init_weights` of ImageClassifier  

backbone.stages.3.blocks.0.attn.w_msa.v_bias - torch.Size([768]): 
The value is the same before and after calling `init_weights` of ImageClassifier  

backbone.stages.3.blocks.0.attn.w_msa.cpb_mlp.0.weight - torch.Size([512, 2]): 
TruncNormalInit: a=-2, b=2, mean=0, std=0.02, bias=0.0 

backbone.stages.3.blocks.0.attn.w_msa.cpb_mlp.0.bias - torch.Size([512]): 
TruncNormalInit: a=-2, b=2, mean=0, std=0.02, bias=0.0 

backbone.stages.3.blocks.0.attn.w_msa.cpb_mlp.2.weight - torch.Size([24, 512]): 
TruncNormalInit: a=-2, b=2, mean=0, std=0.02, bias=0.0 

backbone.stages.3.blocks.0.attn.w_msa.qkv.weight - torch.Size([2304, 768]): 
TruncNormalInit: a=-2, b=2, mean=0, std=0.02, bias=0.0 

backbone.stages.3.blocks.0.attn.w_msa.proj.weight - torch.Size([768, 768]): 
TruncNormalInit: a=-2, b=2, mean=0, std=0.02, bias=0.0 

backbone.stages.3.blocks.0.attn.w_msa.proj.bias - torch.Size([768]): 
TruncNormalInit: a=-2, b=2, mean=0, std=0.02, bias=0.0 

backbone.stages.3.blocks.0.norm1.weight - torch.Size([768]): 
The value is the same before and after calling `init_weights` of ImageClassifier  

backbone.stages.3.blocks.0.norm1.bias - torch.Size([768]): 
The value is the same before and after calling `init_weights` of ImageClassifier  

backbone.stages.3.blocks.0.ffn.layers.0.0.weight - torch.Size([3072, 768]): 
TruncNormalInit: a=-2, b=2, mean=0, std=0.02, bias=0.0 

backbone.stages.3.blocks.0.ffn.layers.0.0.bias - torch.Size([3072]): 
TruncNormalInit: a=-2, b=2, mean=0, std=0.02, bias=0.0 

backbone.stages.3.blocks.0.ffn.layers.1.weight - torch.Size([768, 3072]): 
TruncNormalInit: a=-2, b=2, mean=0, std=0.02, bias=0.0 

backbone.stages.3.blocks.0.ffn.layers.1.bias - torch.Size([768]): 
TruncNormalInit: a=-2, b=2, mean=0, std=0.02, bias=0.0 

backbone.stages.3.blocks.0.norm2.weight - torch.Size([768]): 
The value is the same before and after calling `init_weights` of ImageClassifier  

backbone.stages.3.blocks.0.norm2.bias - torch.Size([768]): 
The value is the same before and after calling `init_weights` of ImageClassifier  

backbone.stages.3.blocks.1.attn.w_msa.logit_scale - torch.Size([24, 1, 1]): 
The value is the same before and after calling `init_weights` of ImageClassifier  

backbone.stages.3.blocks.1.attn.w_msa.q_bias - torch.Size([768]): 
The value is the same before and after calling `init_weights` of ImageClassifier  

backbone.stages.3.blocks.1.attn.w_msa.v_bias - torch.Size([768]): 
The value is the same before and after calling `init_weights` of ImageClassifier  

backbone.stages.3.blocks.1.attn.w_msa.cpb_mlp.0.weight - torch.Size([512, 2]): 
TruncNormalInit: a=-2, b=2, mean=0, std=0.02, bias=0.0 

backbone.stages.3.blocks.1.attn.w_msa.cpb_mlp.0.bias - torch.Size([512]): 
TruncNormalInit: a=-2, b=2, mean=0, std=0.02, bias=0.0 

backbone.stages.3.blocks.1.attn.w_msa.cpb_mlp.2.weight - torch.Size([24, 512]): 
TruncNormalInit: a=-2, b=2, mean=0, std=0.02, bias=0.0 

backbone.stages.3.blocks.1.attn.w_msa.qkv.weight - torch.Size([2304, 768]): 
TruncNormalInit: a=-2, b=2, mean=0, std=0.02, bias=0.0 

backbone.stages.3.blocks.1.attn.w_msa.proj.weight - torch.Size([768, 768]): 
TruncNormalInit: a=-2, b=2, mean=0, std=0.02, bias=0.0 

backbone.stages.3.blocks.1.attn.w_msa.proj.bias - torch.Size([768]): 
TruncNormalInit: a=-2, b=2, mean=0, std=0.02, bias=0.0 

backbone.stages.3.blocks.1.norm1.weight - torch.Size([768]): 
The value is the same before and after calling `init_weights` of ImageClassifier  

backbone.stages.3.blocks.1.norm1.bias - torch.Size([768]): 
The value is the same before and after calling `init_weights` of ImageClassifier  

backbone.stages.3.blocks.1.ffn.layers.0.0.weight - torch.Size([3072, 768]): 
TruncNormalInit: a=-2, b=2, mean=0, std=0.02, bias=0.0 

backbone.stages.3.blocks.1.ffn.layers.0.0.bias - torch.Size([3072]): 
TruncNormalInit: a=-2, b=2, mean=0, std=0.02, bias=0.0 

backbone.stages.3.blocks.1.ffn.layers.1.weight - torch.Size([768, 3072]): 
TruncNormalInit: a=-2, b=2, mean=0, std=0.02, bias=0.0 

backbone.stages.3.blocks.1.ffn.layers.1.bias - torch.Size([768]): 
TruncNormalInit: a=-2, b=2, mean=0, std=0.02, bias=0.0 

backbone.stages.3.blocks.1.norm2.weight - torch.Size([768]): 
The value is the same before and after calling `init_weights` of ImageClassifier  

backbone.stages.3.blocks.1.norm2.bias - torch.Size([768]): 
The value is the same before and after calling `init_weights` of ImageClassifier  

backbone.norm3.weight - torch.Size([768]): 
The value is the same before and after calling `init_weights` of ImageClassifier  

backbone.norm3.bias - torch.Size([768]): 
The value is the same before and after calling `init_weights` of ImageClassifier  

head.fc.weight - torch.Size([7, 768]): 
TruncNormalInit: a=-2, b=2, mean=0, std=0.02, bias=0.0 

head.fc.bias - torch.Size([7]): 
TruncNormalInit: a=-2, b=2, mean=0, std=0.02, bias=0.0 
2023/05/11 03:20:28 - mmengine - INFO - Delete `relative_position_index` and `relative_coords_table` since we always re-init these params according to the `window_size`, which might cause unwanted but unworried warnings when loading checkpoint.
2023/05/11 03:20:28 - mmengine - INFO - Load checkpoint from https://download.openmmlab.com/mmclassification/v0/swin-v2/swinv2-tiny-w16_3rdparty_in1k-256px_20220803-9651cdd7.pth
2023/05/11 03:20:28 - mmengine - WARNING - "FileClient" will be deprecated in future. Please use io functions in https://mmengine.readthedocs.io/en/latest/api/fileio.html#file-io
2023/05/11 03:20:28 - mmengine - WARNING - "HardDiskBackend" is the alias of "LocalBackend" and the former will be deprecated in future.
2023/05/11 03:20:28 - mmengine - INFO - Checkpoints will be saved to C:\Windows\System32\work_dirs\isiv2018.
2023/05/11 03:21:17 - mmengine - INFO - Epoch(train) [1][ 100/1252]  lr: 1.6801e-05  eta: 0:50:29  time: 0.3395  data_time: 0.0012  memory: 2615  loss: 1.2804
2023/05/11 03:21:51 - mmengine - INFO - Epoch(train) [1][ 200/1252]  lr: 3.2762e-05  eta: 0:42:03  time: 0.3410  data_time: 0.0015  memory: 2615  loss: 1.0696
2023/05/11 03:22:25 - mmengine - INFO - Epoch(train) [1][ 300/1252]  lr: 4.8723e-05  eta: 0:38:53  time: 0.3428  data_time: 0.0013  memory: 2615  loss: 1.4092
2023/05/11 03:22:59 - mmengine - INFO - Epoch(train) [1][ 400/1252]  lr: 6.4684e-05  eta: 0:37:01  time: 0.3428  data_time: 0.0014  memory: 2615  loss: 1.1503
2023/05/11 03:23:34 - mmengine - INFO - Epoch(train) [1][ 500/1252]  lr: 8.0645e-05  eta: 0:35:41  time: 0.3423  data_time: 0.0017  memory: 2615  loss: 1.3200
2023/05/11 03:24:08 - mmengine - INFO - Epoch(train) [1][ 600/1252]  lr: 9.6606e-05  eta: 0:34:36  time: 0.3422  data_time: 0.0016  memory: 2615  loss: 1.2615
2023/05/11 03:24:42 - mmengine - INFO - Epoch(train) [1][ 700/1252]  lr: 1.1257e-04  eta: 0:33:40  time: 0.3431  data_time: 0.0016  memory: 2615  loss: 1.1613
2023/05/11 03:25:16 - mmengine - INFO - Epoch(train) [1][ 800/1252]  lr: 1.2853e-04  eta: 0:32:50  time: 0.3420  data_time: 0.0014  memory: 2615  loss: 1.2661
2023/05/11 03:25:51 - mmengine - INFO - Epoch(train) [1][ 900/1252]  lr: 1.4449e-04  eta: 0:32:03  time: 0.3418  data_time: 0.0017  memory: 2615  loss: 1.2809
2023/05/11 03:26:25 - mmengine - INFO - Exp name: swinv2-tiny-w16_16xb64_in1k-256px_custom_20230511_032022
2023/05/11 03:26:25 - mmengine - INFO - Epoch(train) [1][1000/1252]  lr: 1.6045e-04  eta: 0:31:18  time: 0.3422  data_time: 0.0015  memory: 2615  loss: 1.2305
2023/05/11 03:26:59 - mmengine - INFO - Epoch(train) [1][1100/1252]  lr: 1.7641e-04  eta: 0:30:36  time: 0.3417  data_time: 0.0013  memory: 2615  loss: 1.1703
2023/05/11 03:27:33 - mmengine - INFO - Epoch(train) [1][1200/1252]  lr: 1.9237e-04  eta: 0:29:55  time: 0.3429  data_time: 0.0013  memory: 2615  loss: 1.1032
2023/05/11 03:27:51 - mmengine - INFO - Exp name: swinv2-tiny-w16_16xb64_in1k-256px_custom_20230511_032022
2023/05/11 03:27:51 - mmengine - INFO - Saving checkpoint at 1 epochs
2023/05/11 03:28:07 - mmengine - INFO - Epoch(val) [1][25/25]    accuracy/top1: 73.5751  accuracy/top5: 97.9275  data_time: 0.4459  time: 0.5517
2023/05/11 03:28:41 - mmengine - INFO - Epoch(train) [2][ 100/1252]  lr: 2.1663e-04  eta: 0:28:54  time: 0.3426  data_time: 0.0012  memory: 2615  loss: 1.1943
2023/05/11 03:29:15 - mmengine - INFO - Epoch(train) [2][ 200/1252]  lr: 2.3259e-04  eta: 0:28:15  time: 0.3425  data_time: 0.0012  memory: 2615  loss: 0.9904
2023/05/11 03:29:50 - mmengine - INFO - Epoch(train) [2][ 300/1252]  lr: 2.4856e-04  eta: 0:27:37  time: 0.3432  data_time: 0.0011  memory: 2615  loss: 1.1429
2023/05/11 03:30:24 - mmengine - INFO - Epoch(train) [2][ 400/1252]  lr: 2.6452e-04  eta: 0:27:00  time: 0.3425  data_time: 0.0013  memory: 2615  loss: 1.2614
2023/05/11 03:30:58 - mmengine - INFO - Epoch(train) [2][ 500/1252]  lr: 2.8048e-04  eta: 0:26:22  time: 0.3424  data_time: 0.0010  memory: 2615  loss: 1.1789
2023/05/11 03:31:32 - mmengine - INFO - Epoch(train) [2][ 600/1252]  lr: 2.9644e-04  eta: 0:25:45  time: 0.3442  data_time: 0.0016  memory: 2615  loss: 0.9688
2023/05/11 03:32:07 - mmengine - INFO - Epoch(train) [2][ 700/1252]  lr: 3.1240e-04  eta: 0:25:08  time: 0.3428  data_time: 0.0012  memory: 2615  loss: 1.3096
2023/05/11 03:32:23 - mmengine - INFO - Exp name: swinv2-tiny-w16_16xb64_in1k-256px_custom_20230511_032022
2023/05/11 03:32:41 - mmengine - INFO - Epoch(train) [2][ 800/1252]  lr: 3.2836e-04  eta: 0:24:32  time: 0.3428  data_time: 0.0014  memory: 2615  loss: 1.1634
2023/05/11 03:33:15 - mmengine - INFO - Epoch(train) [2][ 900/1252]  lr: 3.4432e-04  eta: 0:23:55  time: 0.3434  data_time: 0.0014  memory: 2615  loss: 1.1287
2023/05/11 03:33:49 - mmengine - INFO - Epoch(train) [2][1000/1252]  lr: 3.6028e-04  eta: 0:23:19  time: 0.3428  data_time: 0.0013  memory: 2615  loss: 1.2294
2023/05/11 03:34:24 - mmengine - INFO - Epoch(train) [2][1100/1252]  lr: 3.7624e-04  eta: 0:22:43  time: 0.3426  data_time: 0.0015  memory: 2615  loss: 1.1523
2023/05/11 03:34:58 - mmengine - INFO - Epoch(train) [2][1200/1252]  lr: 3.9220e-04  eta: 0:22:07  time: 0.3425  data_time: 0.0013  memory: 2615  loss: 1.0885
2023/05/11 03:35:16 - mmengine - INFO - Exp name: swinv2-tiny-w16_16xb64_in1k-256px_custom_20230511_032022
2023/05/11 03:35:16 - mmengine - INFO - Saving checkpoint at 2 epochs
2023/05/11 03:35:20 - mmengine - INFO - Epoch(val) [2][25/25]    accuracy/top1: 64.7668  accuracy/top5: 98.4456  data_time: 0.0043  time: 0.0970
2023/05/11 03:35:54 - mmengine - INFO - Epoch(train) [3][ 100/1252]  lr: 4.1647e-04  eta: 0:21:13  time: 0.3422  data_time: 0.0014  memory: 2615  loss: 1.2403
2023/05/11 03:36:28 - mmengine - INFO - Epoch(train) [3][ 200/1252]  lr: 4.3243e-04  eta: 0:20:37  time: 0.3423  data_time: 0.0013  memory: 2615  loss: 1.3343
2023/05/11 03:37:03 - mmengine - INFO - Epoch(train) [3][ 300/1252]  lr: 4.4839e-04  eta: 0:20:02  time: 0.3435  data_time: 0.0013  memory: 2615  loss: 1.1576
2023/05/11 03:37:37 - mmengine - INFO - Epoch(train) [3][ 400/1252]  lr: 4.6435e-04  eta: 0:19:27  time: 0.3421  data_time: 0.0015  memory: 2615  loss: 1.1318
2023/05/11 03:38:10 - mmengine - INFO - Exp name: swinv2-tiny-w16_16xb64_in1k-256px_custom_20230511_032022
2023/05/11 03:38:11 - mmengine - INFO - Epoch(train) [3][ 500/1252]  lr: 4.8031e-04  eta: 0:18:51  time: 0.3474  data_time: 0.0014  memory: 2615  loss: 1.3159
2023/05/11 03:38:45 - mmengine - INFO - Epoch(train) [3][ 600/1252]  lr: 4.9627e-04  eta: 0:18:16  time: 0.3442  data_time: 0.0014  memory: 2615  loss: 1.2843
2023/05/11 03:39:20 - mmengine - INFO - Epoch(train) [3][ 700/1252]  lr: 5.1223e-04  eta: 0:17:41  time: 0.3415  data_time: 0.0014  memory: 2615  loss: 1.3057
2023/05/11 03:39:54 - mmengine - INFO - Epoch(train) [3][ 800/1252]  lr: 5.2819e-04  eta: 0:17:06  time: 0.3428  data_time: 0.0013  memory: 2615  loss: 1.2872
2023/05/11 03:40:28 - mmengine - INFO - Epoch(train) [3][ 900/1252]  lr: 5.4415e-04  eta: 0:16:31  time: 0.3421  data_time: 0.0015  memory: 2615  loss: 1.2053
2023/05/11 03:41:02 - mmengine - INFO - Epoch(train) [3][1000/1252]  lr: 5.6011e-04  eta: 0:15:55  time: 0.3420  data_time: 0.0010  memory: 2615  loss: 1.3096
